\BOOKMARK [1][-]{section.1}{Introduction}{}% 1
\BOOKMARK [2][-]{subsection.1.1}{Previous Work}{section.1}% 2
\BOOKMARK [2][-]{subsection.1.2}{Word Processing Software}{section.1}% 3
\BOOKMARK [1][-]{section.2}{Style and Format}{}% 4
\BOOKMARK [2][-]{subsection.2.1}{Layout}{section.2}% 5
\BOOKMARK [2][-]{subsection.2.2}{Format of Electronic Manuscript}{section.2}% 6
\BOOKMARK [2][-]{subsection.2.3}{Title and Author Information}{section.2}% 7
\BOOKMARK [3][-]{section*.1}{Blind Review}{subsection.2.3}% 8
\BOOKMARK [2][-]{subsection.2.4}{Abstract}{section.2}% 9
\BOOKMARK [2][-]{subsection.2.5}{Text}{section.2}% 10
\BOOKMARK [2][-]{subsection.2.6}{Headings and Sections}{section.2}% 11
\BOOKMARK [3][-]{section*.2}{Section Headings}{subsection.2.6}% 12
\BOOKMARK [3][-]{section*.3}{Subsection Headings}{subsection.2.6}% 13
\BOOKMARK [3][-]{section*.4}{Subsubsection Headings}{subsection.2.6}% 14
\BOOKMARK [3][-]{section*.6}{Acknowledgements}{subsection.2.6}% 15
\BOOKMARK [3][-]{section*.7}{Appendices}{subsection.2.6}% 16
\BOOKMARK [3][-]{section*.8}{References}{subsection.2.6}% 17
\BOOKMARK [2][-]{subsection.2.7}{Citations}{section.2}% 18
\BOOKMARK [2][-]{subsection.2.8}{Footnotes}{section.2}% 19
\BOOKMARK [1][-]{section.3}{Illustrations}{}% 20
\BOOKMARK [1][-]{section.4}{Tables}{}% 21
\BOOKMARK [1][-]{section.5}{Formulas}{}% 22
\BOOKMARK [1][-]{section.6}{Algorithms and Listings}{}% 23
\BOOKMARK [1][-]{appendix.A}{LaTeX and Word Style Files}{}% 24
